<?xml version="1.0" encoding="UTF-8"?>
<!-- Generated by org.testng.reporters.JUnitXMLReporter -->
<testsuite hostname="EPLLP047" name="Test1" tests="4" failures="3" timestamp="18 Dec 2019 08:11:01 GMT" time="64.16" errors="0">
  <testcase name="@AfterMethod afterTest" time="0.0" classname="qa.com.test.testcases.SellerOnboardingTestcase">
    <failure type="org.openqa.selenium.WebDriverException" message="chrome not reachable
  (Session info: chrome=78.0.3904.108)
Build info: version: &amp;apos;3.141.59&amp;apos;, revision: &amp;apos;e82be7d358&amp;apos;, time: &amp;apos;2018-11-14T08:17:03&amp;apos;
System info: host: &amp;apos;EPLLP047&amp;apos;, ip: &amp;apos;192.168.1.18&amp;apos;, os.name: &amp;apos;Windows 10&amp;apos;, os.arch: &amp;apos;amd64&amp;apos;, os.version: &amp;apos;10.0&amp;apos;, java.version: &amp;apos;1.8.0_144&amp;apos;
Driver info: org.openqa.selenium.chrome.ChromeDriver
Capabilities {acceptInsecureCerts: false, browserName: chrome, browserVersion: 78.0.3904.108, chrome: {chromedriverVersion: 77.0.3865.40 (f484704e052e0..., userDataDir: C:\Users\Swathi\AppData\Loc...}, goog:chromeOptions: {debuggerAddress: localhost:52874}, javascriptEnabled: true, networkConnectionEnabled: false, pageLoadStrategy: normal, platform: XP, platformName: XP, proxy: Proxy(), setWindowRect: true, strictFileInteractability: false, timeouts: {implicit: 0, pageLoad: 300000, script: 30000}, unhandledPromptBehavior: dismiss and notify}
Session ID: 143b834c8a64fa650309a8f377717704">
      <![CDATA[org.openqa.selenium.WebDriverException: chrome not reachable
  (Session info: chrome=78.0.3904.108)
Build info: version: '3.141.59', revision: 'e82be7d358', time: '2018-11-14T08:17:03'
System info: host: 'EPLLP047', ip: '192.168.1.18', os.name: 'Windows 10', os.arch: 'amd64', os.version: '10.0', java.version: '1.8.0_144'
Driver info: org.openqa.selenium.chrome.ChromeDriver
Capabilities {acceptInsecureCerts: false, browserName: chrome, browserVersion: 78.0.3904.108, chrome: {chromedriverVersion: 77.0.3865.40 (f484704e052e0..., userDataDir: C:\Users\Swathi\AppData\Loc...}, goog:chromeOptions: {debuggerAddress: localhost:52874}, javascriptEnabled: true, networkConnectionEnabled: false, pageLoadStrategy: normal, platform: XP, platformName: XP, proxy: Proxy(), setWindowRect: true, strictFileInteractability: false, timeouts: {implicit: 0, pageLoad: 300000, script: 30000}, unhandledPromptBehavior: dismiss and notify}
Session ID: 143b834c8a64fa650309a8f377717704
	at org.openqa.selenium.remote.http.W3CHttpResponseCodec.createException(W3CHttpResponseCodec.java:187)
	at org.openqa.selenium.remote.http.W3CHttpResponseCodec.decode(W3CHttpResponseCodec.java:122)
	at org.openqa.selenium.remote.http.W3CHttpResponseCodec.decode(W3CHttpResponseCodec.java:49)
	at org.openqa.selenium.remote.HttpCommandExecutor.execute(HttpCommandExecutor.java:158)
	at org.openqa.selenium.remote.service.DriverCommandExecutor.execute(DriverCommandExecutor.java:83)
	at org.openqa.selenium.remote.RemoteWebDriver.execute(RemoteWebDriver.java:552)
	at org.openqa.selenium.remote.RemoteWebDriver.execute(RemoteWebDriver.java:609)
	at org.openqa.selenium.remote.RemoteWebDriver.close(RemoteWebDriver.java:442)
	at qa.com.baseclass.Baseclass.afterTest(Baseclass.java:65)
... Removed 30 stack frames]]>
    </failure>
  </testcase> <!-- @AfterMethod afterTest -->
  <testcase name="@BeforeMethod beforeTest" time="0.0" classname="qa.com.test.testcases.BuyerRegistrationTestcase">
    <skipped/>
  </testcase> <!-- @BeforeMethod beforeTest -->
  <testcase name="@AfterMethod afterTest" time="0.0" classname="qa.com.test.testcases.BuyerRegistrationTestcase">
    <skipped/>
  </testcase> <!-- @AfterMethod afterTest -->
  <testcase name="GoogleRegisterTestcase" time="10.522" classname="qa.com.test.testcases.RegisterTestcase">
    <failure type="java.util.NoSuchElementException">
      <![CDATA[java.util.NoSuchElementException
	at java.util.LinkedHashMap$LinkedHashIterator.nextNode(LinkedHashMap.java:721)
	at java.util.LinkedHashMap$LinkedKeyIterator.next(LinkedHashMap.java:742)
	at qa.com.pages.RegistrationPage.googleButtonClick(RegistrationPage.java:210)
	at qa.com.test.scenarios.RegisterScenario.googleRegister(RegisterScenario.java:71)
	at qa.com.test.testcases.RegisterTestcase.GoogleRegisterTestcase(RegisterTestcase.java:70)
... Removed 24 stack frames]]>
    </failure>
  </testcase> <!-- GoogleRegisterTestcase -->
  <testcase name="GoogleLoginTestcase" time="0.002" classname="qa.com.test.testcases.LoginTestcase">
    <failure type="java.lang.Error" message="Unresolved compilation problem: 
	Unhandled exception type InterruptedException
">
      <![CDATA[java.lang.Error: Unresolved compilation problem: 
	Unhandled exception type InterruptedException

	at qa.com.test.testcases.LoginTestcase.GoogleLoginTestcase(LoginTestcase.java:78)
... Removed 24 stack frames]]>
    </failure>
  </testcase> <!-- GoogleLoginTestcase -->
  <testcase name="sellerOnboardingUsingDataBaseskill" time="27.391" classname="qa.com.test.testcases.SellerOnboardingTestcase">
    <failure type="org.openqa.selenium.WebDriverException" message="chrome not reachable
  (Session info: chrome=78.0.3904.108)
Build info: version: &amp;apos;3.141.59&amp;apos;, revision: &amp;apos;e82be7d358&amp;apos;, time: &amp;apos;2018-11-14T08:17:03&amp;apos;
System info: host: &amp;apos;EPLLP047&amp;apos;, ip: &amp;apos;192.168.1.18&amp;apos;, os.name: &amp;apos;Windows 10&amp;apos;, os.arch: &amp;apos;amd64&amp;apos;, os.version: &amp;apos;10.0&amp;apos;, java.version: &amp;apos;1.8.0_144&amp;apos;
Driver info: org.openqa.selenium.chrome.ChromeDriver
Capabilities {acceptInsecureCerts: false, browserName: chrome, browserVersion: 78.0.3904.108, chrome: {chromedriverVersion: 77.0.3865.40 (f484704e052e0..., userDataDir: C:\Users\Swathi\AppData\Loc...}, goog:chromeOptions: {debuggerAddress: localhost:52874}, javascriptEnabled: true, networkConnectionEnabled: false, pageLoadStrategy: normal, platform: XP, platformName: XP, proxy: Proxy(), setWindowRect: true, strictFileInteractability: false, timeouts: {implicit: 0, pageLoad: 300000, script: 30000}, unhandledPromptBehavior: dismiss and notify}
Session ID: 143b834c8a64fa650309a8f377717704
*** Element info: {Using=css selector, value=button#mlui13}">
      <![CDATA[org.openqa.selenium.WebDriverException: chrome not reachable
  (Session info: chrome=78.0.3904.108)
Build info: version: '3.141.59', revision: 'e82be7d358', time: '2018-11-14T08:17:03'
System info: host: 'EPLLP047', ip: '192.168.1.18', os.name: 'Windows 10', os.arch: 'amd64', os.version: '10.0', java.version: '1.8.0_144'
Driver info: org.openqa.selenium.chrome.ChromeDriver
Capabilities {acceptInsecureCerts: false, browserName: chrome, browserVersion: 78.0.3904.108, chrome: {chromedriverVersion: 77.0.3865.40 (f484704e052e0..., userDataDir: C:\Users\Swathi\AppData\Loc...}, goog:chromeOptions: {debuggerAddress: localhost:52874}, javascriptEnabled: true, networkConnectionEnabled: false, pageLoadStrategy: normal, platform: XP, platformName: XP, proxy: Proxy(), setWindowRect: true, strictFileInteractability: false, timeouts: {implicit: 0, pageLoad: 300000, script: 30000}, unhandledPromptBehavior: dismiss and notify}
Session ID: 143b834c8a64fa650309a8f377717704
*** Element info: {Using=css selector, value=button#mlui13}
	at org.openqa.selenium.remote.http.W3CHttpResponseCodec.createException(W3CHttpResponseCodec.java:187)
	at org.openqa.selenium.remote.http.W3CHttpResponseCodec.decode(W3CHttpResponseCodec.java:122)
	at org.openqa.selenium.remote.http.W3CHttpResponseCodec.decode(W3CHttpResponseCodec.java:49)
	at org.openqa.selenium.remote.HttpCommandExecutor.execute(HttpCommandExecutor.java:158)
	at org.openqa.selenium.remote.service.DriverCommandExecutor.execute(DriverCommandExecutor.java:83)
	at org.openqa.selenium.remote.RemoteWebDriver.execute(RemoteWebDriver.java:552)
	at org.openqa.selenium.remote.RemoteWebDriver.findElement(RemoteWebDriver.java:323)
	at org.openqa.selenium.remote.RemoteWebDriver.findElementByCssSelector(RemoteWebDriver.java:420)
	at org.openqa.selenium.By$ByCssSelector.findElement(By.java:431)
	at org.openqa.selenium.remote.RemoteWebDriver.findElement(RemoteWebDriver.java:315)
	at qa.com.pages.LoginPage.clickSignIn(LoginPage.java:100)
	at qa.com.test.scenarios.LoginScenario.manualLogin(LoginScenario.java:24)
	at qa.com.test.testcases.LoginTestcase.LoginManualEmailPasswordOnboard(LoginTestcase.java:38)
	at qa.com.test.testcases.SellerOnboardingTestcase.sellerOnboardingUsingDataBaseskill(SellerOnboardingTestcase.java:21)
... Removed 28 stack frames]]>
    </failure>
  </testcase> <!-- sellerOnboardingUsingDataBaseskill -->
  <testcase name="buyerRegistrationNonasIndividual" time="0.001" classname="qa.com.test.testcases.BuyerRegistrationTestcase">
    <skipped/>
  </testcase> <!-- buyerRegistrationNonasIndividual -->
</testsuite> <!-- Test1 -->
