<?xml version="1.0" encoding="UTF-8"?>
<testng-results skipped="0" failed="1" total="3" passed="2">
  <reporter-output>
  </reporter-output>
  <suite name="Default suite" duration-ms="178050" started-at="2019-12-18T08:22:29Z" finished-at="2019-12-18T08:25:27Z">
    <groups>
    </groups>
    <test name="Default test" duration-ms="178050" started-at="2019-12-18T08:22:29Z" finished-at="2019-12-18T08:25:27Z">
      <class name="qa.com.test.testcases.LoginTestcase">
        <test-method status="PASS" signature="setupTest()[pri:0, instance:qa.com.test.testcases.LoginTestcase@4678c730]" name="setupTest" is-config="true" duration-ms="425" started-at="2019-12-18T13:52:28Z" finished-at="2019-12-18T13:52:29Z">
          <reporter-output>
          </reporter-output>
        </test-method> <!-- setupTest -->
        <test-method status="PASS" signature="beforeTest()[pri:0, instance:qa.com.test.testcases.LoginTestcase@4678c730]" name="beforeTest" is-config="true" duration-ms="9115" started-at="2019-12-18T13:52:29Z" finished-at="2019-12-18T13:52:38Z">
          <reporter-output>
          </reporter-output>
        </test-method> <!-- beforeTest -->
        <test-method status="PASS" signature="EmailFacebookLogin()[pri:0, instance:qa.com.test.testcases.LoginTestcase@4678c730]" name="EmailFacebookLogin" duration-ms="21342" started-at="2019-12-18T13:52:38Z" finished-at="2019-12-18T13:52:59Z">
          <reporter-output>
          </reporter-output>
        </test-method> <!-- EmailFacebookLogin -->
        <test-method status="PASS" signature="afterTest()[pri:0, instance:qa.com.test.testcases.LoginTestcase@4678c730]" name="afterTest" is-config="true" duration-ms="132" started-at="2019-12-18T13:52:59Z" finished-at="2019-12-18T13:52:59Z">
          <reporter-output>
          </reporter-output>
        </test-method> <!-- afterTest -->
        <test-method status="PASS" signature="beforeTest()[pri:0, instance:qa.com.test.testcases.LoginTestcase@4678c730]" name="beforeTest" is-config="true" duration-ms="7895" started-at="2019-12-18T13:52:59Z" finished-at="2019-12-18T13:53:07Z">
          <reporter-output>
          </reporter-output>
        </test-method> <!-- beforeTest -->
        <test-method status="PASS" signature="GoogleLoginTestcase()[pri:0, instance:qa.com.test.testcases.LoginTestcase@4678c730]" name="GoogleLoginTestcase" duration-ms="20944" started-at="2019-12-18T13:53:07Z" finished-at="2019-12-18T13:53:28Z">
          <reporter-output>
          </reporter-output>
        </test-method> <!-- GoogleLoginTestcase -->
        <test-method status="PASS" signature="afterTest()[pri:0, instance:qa.com.test.testcases.LoginTestcase@4678c730]" name="afterTest" is-config="true" duration-ms="63" started-at="2019-12-18T13:53:28Z" finished-at="2019-12-18T13:53:28Z">
          <reporter-output>
          </reporter-output>
        </test-method> <!-- afterTest -->
        <test-method status="PASS" signature="beforeTest()[pri:0, instance:qa.com.test.testcases.LoginTestcase@4678c730]" name="beforeTest" is-config="true" duration-ms="8284" started-at="2019-12-18T13:53:28Z" finished-at="2019-12-18T13:53:37Z">
          <reporter-output>
          </reporter-output>
        </test-method> <!-- beforeTest -->
        <test-method status="FAIL" signature="LoginManualEmailPasswordcorrect()[pri:0, instance:qa.com.test.testcases.LoginTestcase@4678c730]" name="LoginManualEmailPasswordcorrect" duration-ms="110189" started-at="2019-12-18T13:53:37Z" finished-at="2019-12-18T13:55:27Z">
          <exception class="org.openqa.selenium.TimeoutException">
            <message>
              <![CDATA[Expected condition failed: waiting for visibility of element located by By.xpath: //*[@id="password"] (tried for 100 second(s) with 500 milliseconds interval)]]>
            </message>
            <full-stacktrace>
              <![CDATA[org.openqa.selenium.TimeoutException: Expected condition failed: waiting for visibility of element located by By.xpath: //*[@id="password"] (tried for 100 second(s) with 500 milliseconds interval)
	at org.openqa.selenium.support.ui.WebDriverWait.timeoutException(WebDriverWait.java:95)
	at org.openqa.selenium.support.ui.FluentWait.until(FluentWait.java:272)
	at qa.com.pages.LoginPage.setPassword(LoginPage.java:91)
	at qa.com.test.scenarios.LoginScenario.manualLogin(LoginScenario.java:22)
	at qa.com.test.testcases.LoginTestcase.LoginManualEmailPasswordOnboard(LoginTestcase.java:38)
	at qa.com.test.testcases.LoginTestcase.LoginManualEmailPasswordcorrect(LoginTestcase.java:23)
	at sun.reflect.NativeMethodAccessorImpl.invoke0(Native Method)
	at sun.reflect.NativeMethodAccessorImpl.invoke(NativeMethodAccessorImpl.java:62)
	at sun.reflect.DelegatingMethodAccessorImpl.invoke(DelegatingMethodAccessorImpl.java:43)
	at java.lang.reflect.Method.invoke(Method.java:498)
	at org.testng.internal.MethodInvocationHelper.invokeMethod(MethodInvocationHelper.java:80)
	at org.testng.internal.Invoker.invokeMethod(Invoker.java:714)
	at org.testng.internal.Invoker.invokeTestMethod(Invoker.java:901)
	at org.testng.internal.Invoker.invokeTestMethods(Invoker.java:1231)
	at org.testng.internal.TestMethodWorker.invokeTestMethods(TestMethodWorker.java:127)
	at org.testng.internal.TestMethodWorker.run(TestMethodWorker.java:111)
	at org.testng.TestRunner.privateRun(TestRunner.java:767)
	at org.testng.TestRunner.run(TestRunner.java:617)
	at org.testng.SuiteRunner.runTest(SuiteRunner.java:334)
	at org.testng.SuiteRunner.runSequentially(SuiteRunner.java:329)
	at org.testng.SuiteRunner.privateRun(SuiteRunner.java:291)
	at org.testng.SuiteRunner.run(SuiteRunner.java:240)
	at org.testng.SuiteRunnerWorker.runSuite(SuiteRunnerWorker.java:52)
	at org.testng.SuiteRunnerWorker.run(SuiteRunnerWorker.java:86)
	at org.testng.TestNG.runSuitesSequentially(TestNG.java:1198)
	at org.testng.TestNG.runSuitesLocally(TestNG.java:1123)
	at org.testng.TestNG.run(TestNG.java:1031)
	at org.testng.remote.AbstractRemoteTestNG.run(AbstractRemoteTestNG.java:115)
	at org.testng.remote.RemoteTestNG.initAndRun(RemoteTestNG.java:251)
	at org.testng.remote.RemoteTestNG.main(RemoteTestNG.java:77)
Caused by: org.openqa.selenium.NoSuchElementException: no such element: Unable to locate element: {"method":"xpath","selector":"//*[@id="password"]"}
  (Session info: chrome=78.0.3904.108)
For documentation on this error, please visit: https://www.seleniumhq.org/exceptions/no_such_element.html
Build info: version: '3.141.59', revision: 'e82be7d358', time: '2018-11-14T08:17:03'
System info: host: 'EPLLP047', ip: '192.168.1.18', os.name: 'Windows 10', os.arch: 'amd64', os.version: '10.0', java.version: '1.8.0_144'
Driver info: org.openqa.selenium.chrome.ChromeDriver
Capabilities {acceptInsecureCerts: false, browserName: chrome, browserVersion: 78.0.3904.108, chrome: {chromedriverVersion: 77.0.3865.40 (f484704e052e0..., userDataDir: C:\Users\Swathi\AppData\Loc...}, goog:chromeOptions: {debuggerAddress: localhost:54023}, javascriptEnabled: true, networkConnectionEnabled: false, pageLoadStrategy: normal, platform: XP, platformName: XP, proxy: Proxy(), setWindowRect: true, strictFileInteractability: false, timeouts: {implicit: 0, pageLoad: 300000, script: 30000}, unhandledPromptBehavior: dismiss and notify}
Session ID: 297de725a85545fb74e605f3eb6c4951
*** Element info: {Using=xpath, value=//*[@id="password"]}
	at sun.reflect.GeneratedConstructorAccessor24.newInstance(Unknown Source)
	at sun.reflect.DelegatingConstructorAccessorImpl.newInstance(DelegatingConstructorAccessorImpl.java:45)
	at java.lang.reflect.Constructor.newInstance(Constructor.java:423)
	at org.openqa.selenium.remote.http.W3CHttpResponseCodec.createException(W3CHttpResponseCodec.java:187)
	at org.openqa.selenium.remote.http.W3CHttpResponseCodec.decode(W3CHttpResponseCodec.java:122)
	at org.openqa.selenium.remote.http.W3CHttpResponseCodec.decode(W3CHttpResponseCodec.java:49)
	at org.openqa.selenium.remote.HttpCommandExecutor.execute(HttpCommandExecutor.java:158)
	at org.openqa.selenium.remote.service.DriverCommandExecutor.execute(DriverCommandExecutor.java:83)
	at org.openqa.selenium.remote.RemoteWebDriver.execute(RemoteWebDriver.java:552)
	at org.openqa.selenium.remote.RemoteWebDriver.findElement(RemoteWebDriver.java:323)
	at org.openqa.selenium.remote.RemoteWebDriver.findElementByXPath(RemoteWebDriver.java:428)
	at org.openqa.selenium.By$ByXPath.findElement(By.java:353)
	at org.openqa.selenium.remote.RemoteWebDriver.findElement(RemoteWebDriver.java:315)
	at org.openqa.selenium.support.ui.ExpectedConditions$7.apply(ExpectedConditions.java:205)
	at org.openqa.selenium.support.ui.ExpectedConditions$7.apply(ExpectedConditions.java:201)
	at org.openqa.selenium.support.ui.FluentWait.until(FluentWait.java:249)
	... 28 more
]]>
            </full-stacktrace>
          </exception> <!-- org.openqa.selenium.TimeoutException -->
          <reporter-output>
          </reporter-output>
        </test-method> <!-- LoginManualEmailPasswordcorrect -->
        <test-method status="PASS" signature="afterTest()[pri:0, instance:qa.com.test.testcases.LoginTestcase@4678c730]" name="afterTest" is-config="true" duration-ms="67" started-at="2019-12-18T13:55:27Z" finished-at="2019-12-18T13:55:27Z">
          <reporter-output>
          </reporter-output>
        </test-method> <!-- afterTest -->
        <test-method status="PASS" signature="tearDownTest()[pri:0, instance:qa.com.test.testcases.LoginTestcase@4678c730]" name="tearDownTest" is-config="true" duration-ms="0" started-at="2019-12-18T13:55:27Z" finished-at="2019-12-18T13:55:27Z">
          <reporter-output>
          </reporter-output>
        </test-method> <!-- tearDownTest -->
      </class> <!-- qa.com.test.testcases.LoginTestcase -->
    </test> <!-- Default test -->
  </suite> <!-- Default suite -->
</testng-results>
